2022-05-16 22:05:680 INFO  ManageDriver :32 - Launching Chrome Browser
2022-05-16 22:05:117 INFO  ComputerPage :33 - Click on computer [[ChromeDriver: chrome on WINDOWS (3c88e16043ac8fe4504b5bcb7fbf6e52)] -> xpath: //ul[@class='top-menu notmobile']//a[normalize-space()='Computers']]
2022-05-16 22:05:545 INFO  ComputerPage :44 - Click on desktop [[ChromeDriver: chrome on WINDOWS (3c88e16043ac8fe4504b5bcb7fbf6e52)] -> xpath: //a[@title='Show products in category Desktops'][normalize-space()='Desktops']]
2022-05-16 22:05:423 INFO  BuildYourOwnComputerPage :54 - Build your own [[ChromeDriver: chrome on WINDOWS (3c88e16043ac8fe4504b5bcb7fbf6e52)] -> xpath: //h2[@class='product-title']//a[normalize-space()='Build your own computer']]
2022-05-16 22:05:496 INFO  BuildYourOwnComputerPage :58 - select process2.2 GHz Intel Pentium Dual-Core E2200to process[[ChromeDriver: chrome on WINDOWS (3c88e16043ac8fe4504b5bcb7fbf6e52)] -> xpath: //select[@id='product_attribute_1']]
2022-05-16 22:05:562 INFO  BuildYourOwnComputerPage :62 - select ram2 GBto process[[ChromeDriver: chrome on WINDOWS (3c88e16043ac8fe4504b5bcb7fbf6e52)] -> xpath: //select[@id='product_attribute_2']]
2022-05-16 22:05:620 INFO  BuildYourOwnComputerPage :68 - Select HDD [[ChromeDriver: chrome on WINDOWS (3c88e16043ac8fe4504b5bcb7fbf6e52)] -> xpath: //label[@for='product_attribute_3_6']]
2022-05-16 22:05:674 INFO  BuildYourOwnComputerPage :77 - Select OS [[ChromeDriver: chrome on WINDOWS (3c88e16043ac8fe4504b5bcb7fbf6e52)] -> xpath: //label[@for='product_attribute_4_8']]
2022-05-16 22:05:688 INFO  BuildYourOwnComputerPage :86 - Select software [[[ChromeDriver: chrome on WINDOWS (3c88e16043ac8fe4504b5bcb7fbf6e52)] -> xpath: //dd[@id='product_attribute_input_5']//li//label], [[ChromeDriver: chrome on WINDOWS (3c88e16043ac8fe4504b5bcb7fbf6e52)] -> xpath: //dd[@id='product_attribute_input_5']//li//label], [[ChromeDriver: chrome on WINDOWS (3c88e16043ac8fe4504b5bcb7fbf6e52)] -> xpath: //dd[@id='product_attribute_input_5']//li//label]]
2022-05-16 22:05:770 INFO  BuildYourOwnComputerPage :96 - Click on add to cart [[ChromeDriver: chrome on WINDOWS (3c88e16043ac8fe4504b5bcb7fbf6e52)] -> xpath: //button[@id='add-to-cart-button-1']]
2022-05-16 22:05:685 INFO  BuildYourOwnComputerPage :101 - Verify shopping cart [[ChromeDriver: chrome on WINDOWS (3c88e16043ac8fe4504b5bcb7fbf6e52)] -> xpath: //p[@class='content']]
2022-05-16 22:05:360 INFO  ManageDriver :32 - Launching Chrome Browser
2022-05-16 22:05:471 INFO  ComputerPage :33 - Click on computer [[ChromeDriver: chrome on WINDOWS (d22ac6f08b84e5c610471fa0dd4164b3)] -> xpath: //ul[@class='top-menu notmobile']//a[normalize-space()='Computers']]
2022-05-16 22:05:911 INFO  ComputerPage :44 - Click on desktop [[ChromeDriver: chrome on WINDOWS (d22ac6f08b84e5c610471fa0dd4164b3)] -> xpath: //a[@title='Show products in category Desktops'][normalize-space()='Desktops']]
2022-05-16 22:05:660 INFO  BuildYourOwnComputerPage :54 - Build your own [[ChromeDriver: chrome on WINDOWS (d22ac6f08b84e5c610471fa0dd4164b3)] -> xpath: //h2[@class='product-title']//a[normalize-space()='Build your own computer']]
2022-05-16 22:05:707 INFO  BuildYourOwnComputerPage :58 - select process2.5 GHz Intel Pentium Dual-Core E2200 [+$15.00]to process[[ChromeDriver: chrome on WINDOWS (d22ac6f08b84e5c610471fa0dd4164b3)] -> xpath: //select[@id='product_attribute_1']]
2022-05-16 22:05:772 INFO  BuildYourOwnComputerPage :62 - select ram4GB [+$20.00]to process[[ChromeDriver: chrome on WINDOWS (d22ac6f08b84e5c610471fa0dd4164b3)] -> xpath: //select[@id='product_attribute_2']]
2022-05-16 22:05:847 INFO  BuildYourOwnComputerPage :71 - Select 400 [[ChromeDriver: chrome on WINDOWS (d22ac6f08b84e5c610471fa0dd4164b3)] -> xpath: //label[@for='product_attribute_3_7']]
2022-05-16 22:05:921 INFO  BuildYourOwnComputerPage :80 - Select premium [[ChromeDriver: chrome on WINDOWS (d22ac6f08b84e5c610471fa0dd4164b3)] -> xpath: //label[@for='product_attribute_4_9']]
2022-05-16 22:05:935 INFO  BuildYourOwnComputerPage :86 - Select software [[[ChromeDriver: chrome on WINDOWS (d22ac6f08b84e5c610471fa0dd4164b3)] -> xpath: //dd[@id='product_attribute_input_5']//li//label], [[ChromeDriver: chrome on WINDOWS (d22ac6f08b84e5c610471fa0dd4164b3)] -> xpath: //dd[@id='product_attribute_input_5']//li//label], [[ChromeDriver: chrome on WINDOWS (d22ac6f08b84e5c610471fa0dd4164b3)] -> xpath: //dd[@id='product_attribute_input_5']//li//label]]
2022-05-16 22:05:947 INFO  BuildYourOwnComputerPage :86 - Select software [[[ChromeDriver: chrome on WINDOWS (d22ac6f08b84e5c610471fa0dd4164b3)] -> xpath: //dd[@id='product_attribute_input_5']//li//label], [[ChromeDriver: chrome on WINDOWS (d22ac6f08b84e5c610471fa0dd4164b3)] -> xpath: //dd[@id='product_attribute_input_5']//li//label], [[ChromeDriver: chrome on WINDOWS (d22ac6f08b84e5c610471fa0dd4164b3)] -> xpath: //dd[@id='product_attribute_input_5']//li//label]]
2022-05-16 22:05:34 INFO  BuildYourOwnComputerPage :96 - Click on add to cart [[ChromeDriver: chrome on WINDOWS (d22ac6f08b84e5c610471fa0dd4164b3)] -> xpath: //button[@id='add-to-cart-button-1']]
2022-05-16 22:05:939 INFO  BuildYourOwnComputerPage :101 - Verify shopping cart [[ChromeDriver: chrome on WINDOWS (d22ac6f08b84e5c610471fa0dd4164b3)] -> xpath: //p[@class='content']]
2022-05-16 22:05:597 INFO  ManageDriver :32 - Launching Chrome Browser
2022-05-16 22:05:930 INFO  ComputerPage :33 - Click on computer [[ChromeDriver: chrome on WINDOWS (90c1769563f033aee1371ae2a0120268)] -> xpath: //ul[@class='top-menu notmobile']//a[normalize-space()='Computers']]
2022-05-16 22:05:383 INFO  ComputerPage :44 - Click on desktop [[ChromeDriver: chrome on WINDOWS (90c1769563f033aee1371ae2a0120268)] -> xpath: //a[@title='Show products in category Desktops'][normalize-space()='Desktops']]
2022-05-16 22:05:260 INFO  BuildYourOwnComputerPage :54 - Build your own [[ChromeDriver: chrome on WINDOWS (90c1769563f033aee1371ae2a0120268)] -> xpath: //h2[@class='product-title']//a[normalize-space()='Build your own computer']]
2022-05-16 22:05:300 INFO  BuildYourOwnComputerPage :58 - select process2.5 GHz Intel Pentium Dual-Core E2200 [+$15.00]to process[[ChromeDriver: chrome on WINDOWS (90c1769563f033aee1371ae2a0120268)] -> xpath: //select[@id='product_attribute_1']]
2022-05-16 22:05:362 INFO  BuildYourOwnComputerPage :62 - select ram8GB [+$60.00]to process[[ChromeDriver: chrome on WINDOWS (90c1769563f033aee1371ae2a0120268)] -> xpath: //select[@id='product_attribute_2']]
2022-05-16 22:05:419 INFO  BuildYourOwnComputerPage :68 - Select HDD [[ChromeDriver: chrome on WINDOWS (90c1769563f033aee1371ae2a0120268)] -> xpath: //label[@for='product_attribute_3_6']]
2022-05-16 22:05:472 INFO  BuildYourOwnComputerPage :77 - Select OS [[ChromeDriver: chrome on WINDOWS (90c1769563f033aee1371ae2a0120268)] -> xpath: //label[@for='product_attribute_4_8']]
2022-05-16 22:05:486 INFO  BuildYourOwnComputerPage :86 - Select software [[[ChromeDriver: chrome on WINDOWS (90c1769563f033aee1371ae2a0120268)] -> xpath: //dd[@id='product_attribute_input_5']//li//label], [[ChromeDriver: chrome on WINDOWS (90c1769563f033aee1371ae2a0120268)] -> xpath: //dd[@id='product_attribute_input_5']//li//label], [[ChromeDriver: chrome on WINDOWS (90c1769563f033aee1371ae2a0120268)] -> xpath: //dd[@id='product_attribute_input_5']//li//label]]
2022-05-16 22:05:497 INFO  BuildYourOwnComputerPage :86 - Select software [[[ChromeDriver: chrome on WINDOWS (90c1769563f033aee1371ae2a0120268)] -> xpath: //dd[@id='product_attribute_input_5']//li//label], [[ChromeDriver: chrome on WINDOWS (90c1769563f033aee1371ae2a0120268)] -> xpath: //dd[@id='product_attribute_input_5']//li//label], [[ChromeDriver: chrome on WINDOWS (90c1769563f033aee1371ae2a0120268)] -> xpath: //dd[@id='product_attribute_input_5']//li//label]]
2022-05-16 22:05:507 INFO  BuildYourOwnComputerPage :86 - Select software [[[ChromeDriver: chrome on WINDOWS (90c1769563f033aee1371ae2a0120268)] -> xpath: //dd[@id='product_attribute_input_5']//li//label], [[ChromeDriver: chrome on WINDOWS (90c1769563f033aee1371ae2a0120268)] -> xpath: //dd[@id='product_attribute_input_5']//li//label], [[ChromeDriver: chrome on WINDOWS (90c1769563f033aee1371ae2a0120268)] -> xpath: //dd[@id='product_attribute_input_5']//li//label]]
2022-05-16 22:05:591 INFO  BuildYourOwnComputerPage :96 - Click on add to cart [[ChromeDriver: chrome on WINDOWS (90c1769563f033aee1371ae2a0120268)] -> xpath: //button[@id='add-to-cart-button-1']]
2022-05-16 22:05:889 INFO  BuildYourOwnComputerPage :101 - Verify shopping cart [[ChromeDriver: chrome on WINDOWS (90c1769563f033aee1371ae2a0120268)] -> xpath: //p[@class='content']]
2022-05-16 22:05:561 INFO  ManageDriver :32 - Launching Chrome Browser
2022-05-16 22:05:575 INFO  LoginPage :39 - Click on login [[ChromeDriver: chrome on WINDOWS (990f6afcf7f270b48eb59886aa4097f2)] -> xpath: //a[normalize-space()='Log in']]
2022-05-16 22:05:599 INFO  LoginPage :43 - Verify welcome [[ChromeDriver: chrome on WINDOWS (990f6afcf7f270b48eb59886aa4097f2)] -> xpath: //h1[normalize-space()='Welcome, Please Sign In!']]
2022-05-16 22:05:245 INFO  ManageDriver :32 - Launching Chrome Browser
2022-05-16 22:05:264 INFO  LoginPage :39 - Click on login [[ChromeDriver: chrome on WINDOWS (118e7a555f59e4f7b8a58ef8129a971f)] -> xpath: //a[normalize-space()='Log in']]
2022-05-16 22:05:324 INFO  LoginPage :48 - Enter email xyz123@yahoo.comin email field [[ChromeDriver: chrome on WINDOWS (118e7a555f59e4f7b8a58ef8129a971f)] -> xpath: //input[@id='Email']]
2022-05-16 22:05:382 INFO  LoginPage :52 - Enter password xyz123in password field [[ChromeDriver: chrome on WINDOWS (118e7a555f59e4f7b8a58ef8129a971f)] -> xpath: //input[@id='Password']]
2022-05-16 22:05:763 INFO  LoginPage :56 - Click on log in button [[ChromeDriver: chrome on WINDOWS (118e7a555f59e4f7b8a58ef8129a971f)] -> xpath: //button[normalize-space()='Log in']]
2022-05-16 22:05:792 INFO  LoginPage :60 - Verify error message [[ChromeDriver: chrome on WINDOWS (118e7a555f59e4f7b8a58ef8129a971f)] -> xpath: //div[@class='message-error validation-summary-errors']]
2022-05-16 22:05:422 INFO  ManageDriver :32 - Launching Chrome Browser
2022-05-16 22:05:729 INFO  LoginPage :39 - Click on login [[ChromeDriver: chrome on WINDOWS (c86ce0193d9c2f0c3c2c09df0956acf1)] -> xpath: //a[normalize-space()='Log in']]
2022-05-16 22:05:787 INFO  LoginPage :48 - Enter email xyz123@yahoo.comin email field [[ChromeDriver: chrome on WINDOWS (c86ce0193d9c2f0c3c2c09df0956acf1)] -> xpath: //input[@id='Email']]
2022-05-16 22:05:842 INFO  LoginPage :52 - Enter password xyz123in password field [[ChromeDriver: chrome on WINDOWS (c86ce0193d9c2f0c3c2c09df0956acf1)] -> xpath: //input[@id='Password']]
2022-05-16 22:05:255 INFO  LoginPage :56 - Click on log in button [[ChromeDriver: chrome on WINDOWS (c86ce0193d9c2f0c3c2c09df0956acf1)] -> xpath: //button[normalize-space()='Log in']]
2022-05-16 22:05:907 INFO  ManageDriver :32 - Launching Chrome Browser
2022-05-16 22:05:881 INFO  LoginPage :39 - Click on login [[ChromeDriver: chrome on WINDOWS (d912f6bab6e8cca7dc1e6789446d3ce6)] -> xpath: //a[normalize-space()='Log in']]
2022-05-16 22:05:945 INFO  LoginPage :48 - Enter email markpaul@yahoo.comin email field [[ChromeDriver: chrome on WINDOWS (d912f6bab6e8cca7dc1e6789446d3ce6)] -> xpath: //input[@id='Email']]
2022-05-16 22:05:03 INFO  LoginPage :52 - Enter password mark12paulin password field [[ChromeDriver: chrome on WINDOWS (d912f6bab6e8cca7dc1e6789446d3ce6)] -> xpath: //input[@id='Password']]
2022-05-16 22:05:392 INFO  LoginPage :56 - Click on log in button [[ChromeDriver: chrome on WINDOWS (d912f6bab6e8cca7dc1e6789446d3ce6)] -> xpath: //button[normalize-space()='Log in']]
2022-05-16 22:05:66 INFO  ManageDriver :32 - Launching Chrome Browser
2022-05-16 22:05:187 INFO  RegisterPage :76 - Click on register [[ChromeDriver: chrome on WINDOWS (bc88a9059ecc691555f11a9694c31899)] -> xpath: //a[normalize-space()='Register']]
2022-05-16 22:05:584 INFO  RegisterPage :76 - Click on register [[ChromeDriver: chrome on WINDOWS (bc88a9059ecc691555f11a9694c31899)] -> xpath: //a[normalize-space()='Register']]
2022-05-16 22:05:238 INFO  ManageDriver :32 - Launching Chrome Browser
2022-05-16 22:05:662 INFO  RegisterPage :76 - Click on register [[ChromeDriver: chrome on WINDOWS (89295428fe86eed57e154c85fd7dd57c)] -> xpath: //a[normalize-space()='Register']]
2022-05-16 22:05:717 INFO  RegisterPage :142 - Click on register button [[ChromeDriver: chrome on WINDOWS (89295428fe86eed57e154c85fd7dd57c)] -> xpath: //button[@id='register-button']]
2022-05-16 22:05:746 INFO  RegisterPage :91 - Verify first name [[ChromeDriver: chrome on WINDOWS (89295428fe86eed57e154c85fd7dd57c)] -> xpath: //span[@id='FirstName-error']]
2022-05-16 22:05:771 INFO  RegisterPage :102 - Verify last name [[ChromeDriver: chrome on WINDOWS (89295428fe86eed57e154c85fd7dd57c)] -> xpath: //span[@id='LastName-error']]
2022-05-16 22:05:791 INFO  RegisterPage :114 - Verify emil required [[ChromeDriver: chrome on WINDOWS (89295428fe86eed57e154c85fd7dd57c)] -> xpath: //span[@id='Email-error']]
2022-05-16 22:05:816 INFO  RegisterPage :125 - Verify password [[ChromeDriver: chrome on WINDOWS (89295428fe86eed57e154c85fd7dd57c)] -> xpath: //span[@id='Password-error']]
2022-05-16 22:05:849 INFO  RegisterPage :136 - Verify confirm password [[ChromeDriver: chrome on WINDOWS (89295428fe86eed57e154c85fd7dd57c)] -> xpath: //input[@id='ConfirmPassword']]
2022-05-16 22:05:482 INFO  ManageDriver :32 - Launching Chrome Browser
2022-05-16 22:05:503 INFO  RegisterPage :76 - Click on register [[ChromeDriver: chrome on WINDOWS (9a650ea72866b700f00a2543b776f2dc)] -> xpath: //a[normalize-space()='Register']]
2022-05-16 22:05:548 INFO  RegisterPage :147 - Select gender [[ChromeDriver: chrome on WINDOWS (9a650ea72866b700f00a2543b776f2dc)] -> xpath: //input[@id='gender-female']]
2022-05-16 22:05:609 INFO  RegisterPage :86 - Enter first name Markin first name field [[ChromeDriver: chrome on WINDOWS (9a650ea72866b700f00a2543b776f2dc)] -> xpath: //input[@id='FirstName']]
2022-05-16 22:05:668 INFO  RegisterPage :97 - Enter last name  Paulin last name field [[ChromeDriver: chrome on WINDOWS (9a650ea72866b700f00a2543b776f2dc)] -> xpath: //input[@id='LastName']]
2022-05-16 22:05:723 INFO  RegisterPage :152 - Select date of birth 5in date field [[ChromeDriver: chrome on WINDOWS (9a650ea72866b700f00a2543b776f2dc)] -> xpath: //select[@name='DateOfBirthDay']]
2022-05-16 22:05:776 INFO  RegisterPage :157 - Select date of month Aprilin month field [[ChromeDriver: chrome on WINDOWS (9a650ea72866b700f00a2543b776f2dc)] -> xpath: //select[@name='DateOfBirthMonth']]
2022-05-16 22:05:831 INFO  RegisterPage :162 - Select date of year 2016in year field [[ChromeDriver: chrome on WINDOWS (9a650ea72866b700f00a2543b776f2dc)] -> xpath: //select[@name='DateOfBirthYear']]
2022-05-16 22:05:895 INFO  RegisterPage :108 - Enter email Mark789@yahoo.comin email field [[ChromeDriver: chrome on WINDOWS (9a650ea72866b700f00a2543b776f2dc)] -> xpath: //input[@id='Email']]
2022-05-16 22:05:954 INFO  RegisterPage :120 - Enter password Mark123in password field [[ChromeDriver: chrome on WINDOWS (9a650ea72866b700f00a2543b776f2dc)] -> xpath: //input[@id='Password']]
2022-05-16 22:05:08 INFO  RegisterPage :131 - Enter confirm password Mark123in password field [[ChromeDriver: chrome on WINDOWS (9a650ea72866b700f00a2543b776f2dc)] -> xpath: //input[@id='ConfirmPassword']]
2022-05-16 22:05:713 INFO  RegisterPage :142 - Click on register button [[ChromeDriver: chrome on WINDOWS (9a650ea72866b700f00a2543b776f2dc)] -> xpath: //button[@id='register-button']]
2022-05-16 22:05:737 INFO  RegisterPage :167 - Verify register [[ChromeDriver: chrome on WINDOWS (9a650ea72866b700f00a2543b776f2dc)] -> xpath: //div[@class='result']]
2022-05-16 22:05:136 INFO  ManageDriver :32 - Launching Chrome Browser
2022-05-16 22:05:251 INFO  ComputerPage :33 - Click on computer [[ChromeDriver: chrome on WINDOWS (bdfaea612c7f60f8eb0621e9d50de61b)] -> xpath: //ul[@class='top-menu notmobile']//a[normalize-space()='Computers']]
2022-05-16 22:05:646 INFO  ComputerPage :44 - Click on desktop [[ChromeDriver: chrome on WINDOWS (bdfaea612c7f60f8eb0621e9d50de61b)] -> xpath: //a[@title='Show products in category Desktops'][normalize-space()='Desktops']]
2022-05-16 22:05:434 INFO  BuildYourOwnComputerPage :54 - Build your own [[ChromeDriver: chrome on WINDOWS (bdfaea612c7f60f8eb0621e9d50de61b)] -> xpath: //h2[@class='product-title']//a[normalize-space()='Build your own computer']]
2022-05-16 22:05:524 INFO  BuildYourOwnComputerPage :58 - select process2.2 GHz Intel Pentium Dual-Core E2200to process[[ChromeDriver: chrome on WINDOWS (bdfaea612c7f60f8eb0621e9d50de61b)] -> xpath: //select[@id='product_attribute_1']]
2022-05-16 22:05:586 INFO  BuildYourOwnComputerPage :62 - select ram2 GBto process[[ChromeDriver: chrome on WINDOWS (bdfaea612c7f60f8eb0621e9d50de61b)] -> xpath: //select[@id='product_attribute_2']]
2022-05-16 22:05:643 INFO  BuildYourOwnComputerPage :68 - Select HDD [[ChromeDriver: chrome on WINDOWS (bdfaea612c7f60f8eb0621e9d50de61b)] -> xpath: //label[@for='product_attribute_3_6']]
2022-05-16 22:05:696 INFO  BuildYourOwnComputerPage :77 - Select OS [[ChromeDriver: chrome on WINDOWS (bdfaea612c7f60f8eb0621e9d50de61b)] -> xpath: //label[@for='product_attribute_4_8']]
2022-05-16 22:05:712 INFO  BuildYourOwnComputerPage :86 - Select software [[[ChromeDriver: chrome on WINDOWS (bdfaea612c7f60f8eb0621e9d50de61b)] -> xpath: //dd[@id='product_attribute_input_5']//li//label], [[ChromeDriver: chrome on WINDOWS (bdfaea612c7f60f8eb0621e9d50de61b)] -> xpath: //dd[@id='product_attribute_input_5']//li//label], [[ChromeDriver: chrome on WINDOWS (bdfaea612c7f60f8eb0621e9d50de61b)] -> xpath: //dd[@id='product_attribute_input_5']//li//label]]
2022-05-16 22:05:795 INFO  BuildYourOwnComputerPage :96 - Click on add to cart [[ChromeDriver: chrome on WINDOWS (bdfaea612c7f60f8eb0621e9d50de61b)] -> xpath: //button[@id='add-to-cart-button-1']]
2022-05-16 22:05:647 INFO  BuildYourOwnComputerPage :101 - Verify shopping cart [[ChromeDriver: chrome on WINDOWS (bdfaea612c7f60f8eb0621e9d50de61b)] -> xpath: //p[@class='content']]
2022-05-16 22:05:365 INFO  ManageDriver :32 - Launching Chrome Browser
2022-05-16 22:05:440 INFO  ComputerPage :33 - Click on computer [[ChromeDriver: chrome on WINDOWS (97cf3369a0e74657a51f258c2c705615)] -> xpath: //ul[@class='top-menu notmobile']//a[normalize-space()='Computers']]
2022-05-16 22:05:874 INFO  ComputerPage :44 - Click on desktop [[ChromeDriver: chrome on WINDOWS (97cf3369a0e74657a51f258c2c705615)] -> xpath: //a[@title='Show products in category Desktops'][normalize-space()='Desktops']]
2022-05-16 22:05:627 INFO  BuildYourOwnComputerPage :54 - Build your own [[ChromeDriver: chrome on WINDOWS (97cf3369a0e74657a51f258c2c705615)] -> xpath: //h2[@class='product-title']//a[normalize-space()='Build your own computer']]
2022-05-16 22:05:682 INFO  BuildYourOwnComputerPage :58 - select process2.5 GHz Intel Pentium Dual-Core E2200 [+$15.00]to process[[ChromeDriver: chrome on WINDOWS (97cf3369a0e74657a51f258c2c705615)] -> xpath: //select[@id='product_attribute_1']]
2022-05-16 22:05:745 INFO  BuildYourOwnComputerPage :62 - select ram4GB [+$20.00]to process[[ChromeDriver: chrome on WINDOWS (97cf3369a0e74657a51f258c2c705615)] -> xpath: //select[@id='product_attribute_2']]
2022-05-16 22:05:821 INFO  BuildYourOwnComputerPage :71 - Select 400 [[ChromeDriver: chrome on WINDOWS (97cf3369a0e74657a51f258c2c705615)] -> xpath: //label[@for='product_attribute_3_7']]
2022-05-16 22:05:894 INFO  BuildYourOwnComputerPage :80 - Select premium [[ChromeDriver: chrome on WINDOWS (97cf3369a0e74657a51f258c2c705615)] -> xpath: //label[@for='product_attribute_4_9']]
2022-05-16 22:05:910 INFO  BuildYourOwnComputerPage :86 - Select software [[[ChromeDriver: chrome on WINDOWS (97cf3369a0e74657a51f258c2c705615)] -> xpath: //dd[@id='product_attribute_input_5']//li//label], [[ChromeDriver: chrome on WINDOWS (97cf3369a0e74657a51f258c2c705615)] -> xpath: //dd[@id='product_attribute_input_5']//li//label], [[ChromeDriver: chrome on WINDOWS (97cf3369a0e74657a51f258c2c705615)] -> xpath: //dd[@id='product_attribute_input_5']//li//label]]
2022-05-16 22:05:921 INFO  BuildYourOwnComputerPage :86 - Select software [[[ChromeDriver: chrome on WINDOWS (97cf3369a0e74657a51f258c2c705615)] -> xpath: //dd[@id='product_attribute_input_5']//li//label], [[ChromeDriver: chrome on WINDOWS (97cf3369a0e74657a51f258c2c705615)] -> xpath: //dd[@id='product_attribute_input_5']//li//label], [[ChromeDriver: chrome on WINDOWS (97cf3369a0e74657a51f258c2c705615)] -> xpath: //dd[@id='product_attribute_input_5']//li//label]]
2022-05-16 22:05:08 INFO  BuildYourOwnComputerPage :96 - Click on add to cart [[ChromeDriver: chrome on WINDOWS (97cf3369a0e74657a51f258c2c705615)] -> xpath: //button[@id='add-to-cart-button-1']]
2022-05-16 22:05:921 INFO  BuildYourOwnComputerPage :101 - Verify shopping cart [[ChromeDriver: chrome on WINDOWS (97cf3369a0e74657a51f258c2c705615)] -> xpath: //p[@class='content']]
2022-05-16 22:05:595 INFO  ManageDriver :32 - Launching Chrome Browser
2022-05-16 22:05:600 INFO  ComputerPage :33 - Click on computer [[ChromeDriver: chrome on WINDOWS (fc072491003af8a6f2542b49e5c07aa9)] -> xpath: //ul[@class='top-menu notmobile']//a[normalize-space()='Computers']]
2022-05-16 22:05:21 INFO  ComputerPage :44 - Click on desktop [[ChromeDriver: chrome on WINDOWS (fc072491003af8a6f2542b49e5c07aa9)] -> xpath: //a[@title='Show products in category Desktops'][normalize-space()='Desktops']]
2022-05-16 22:05:722 INFO  BuildYourOwnComputerPage :54 - Build your own [[ChromeDriver: chrome on WINDOWS (fc072491003af8a6f2542b49e5c07aa9)] -> xpath: //h2[@class='product-title']//a[normalize-space()='Build your own computer']]
2022-05-16 22:05:791 INFO  BuildYourOwnComputerPage :58 - select process2.5 GHz Intel Pentium Dual-Core E2200 [+$15.00]to process[[ChromeDriver: chrome on WINDOWS (fc072491003af8a6f2542b49e5c07aa9)] -> xpath: //select[@id='product_attribute_1']]
2022-05-16 22:05:848 INFO  BuildYourOwnComputerPage :62 - select ram8GB [+$60.00]to process[[ChromeDriver: chrome on WINDOWS (fc072491003af8a6f2542b49e5c07aa9)] -> xpath: //select[@id='product_attribute_2']]
2022-05-16 22:05:904 INFO  BuildYourOwnComputerPage :68 - Select HDD [[ChromeDriver: chrome on WINDOWS (fc072491003af8a6f2542b49e5c07aa9)] -> xpath: //label[@for='product_attribute_3_6']]
2022-05-16 22:05:955 INFO  BuildYourOwnComputerPage :77 - Select OS [[ChromeDriver: chrome on WINDOWS (fc072491003af8a6f2542b49e5c07aa9)] -> xpath: //label[@for='product_attribute_4_8']]
2022-05-16 22:05:970 INFO  BuildYourOwnComputerPage :86 - Select software [[[ChromeDriver: chrome on WINDOWS (fc072491003af8a6f2542b49e5c07aa9)] -> xpath: //dd[@id='product_attribute_input_5']//li//label], [[ChromeDriver: chrome on WINDOWS (fc072491003af8a6f2542b49e5c07aa9)] -> xpath: //dd[@id='product_attribute_input_5']//li//label], [[ChromeDriver: chrome on WINDOWS (fc072491003af8a6f2542b49e5c07aa9)] -> xpath: //dd[@id='product_attribute_input_5']//li//label]]
2022-05-16 22:05:981 INFO  BuildYourOwnComputerPage :86 - Select software [[[ChromeDriver: chrome on WINDOWS (fc072491003af8a6f2542b49e5c07aa9)] -> xpath: //dd[@id='product_attribute_input_5']//li//label], [[ChromeDriver: chrome on WINDOWS (fc072491003af8a6f2542b49e5c07aa9)] -> xpath: //dd[@id='product_attribute_input_5']//li//label], [[ChromeDriver: chrome on WINDOWS (fc072491003af8a6f2542b49e5c07aa9)] -> xpath: //dd[@id='product_attribute_input_5']//li//label]]
2022-05-16 22:05:991 INFO  BuildYourOwnComputerPage :86 - Select software [[[ChromeDriver: chrome on WINDOWS (fc072491003af8a6f2542b49e5c07aa9)] -> xpath: //dd[@id='product_attribute_input_5']//li//label], [[ChromeDriver: chrome on WINDOWS (fc072491003af8a6f2542b49e5c07aa9)] -> xpath: //dd[@id='product_attribute_input_5']//li//label], [[ChromeDriver: chrome on WINDOWS (fc072491003af8a6f2542b49e5c07aa9)] -> xpath: //dd[@id='product_attribute_input_5']//li//label]]
2022-05-16 22:05:71 INFO  BuildYourOwnComputerPage :96 - Click on add to cart [[ChromeDriver: chrome on WINDOWS (fc072491003af8a6f2542b49e5c07aa9)] -> xpath: //button[@id='add-to-cart-button-1']]
2022-05-16 22:05:352 INFO  BuildYourOwnComputerPage :101 - Verify shopping cart [[ChromeDriver: chrome on WINDOWS (fc072491003af8a6f2542b49e5c07aa9)] -> xpath: //p[@class='content']]
2022-05-16 22:05:65 INFO  ManageDriver :32 - Launching Chrome Browser
2022-05-16 22:05:43 INFO  LoginPage :39 - Click on login [[ChromeDriver: chrome on WINDOWS (db2183afb9bb902859b1599019458f1b)] -> xpath: //a[normalize-space()='Log in']]
2022-05-16 22:05:68 INFO  LoginPage :43 - Verify welcome [[ChromeDriver: chrome on WINDOWS (db2183afb9bb902859b1599019458f1b)] -> xpath: //h1[normalize-space()='Welcome, Please Sign In!']]
2022-05-16 22:05:733 INFO  ManageDriver :32 - Launching Chrome Browser
2022-05-16 22:05:03 INFO  LoginPage :39 - Click on login [[ChromeDriver: chrome on WINDOWS (e069d98699215dbe0d366f8657bee5f4)] -> xpath: //a[normalize-space()='Log in']]
2022-05-16 22:05:62 INFO  LoginPage :48 - Enter email xyz123@yahoo.comin email field [[ChromeDriver: chrome on WINDOWS (e069d98699215dbe0d366f8657bee5f4)] -> xpath: //input[@id='Email']]
2022-05-16 22:05:119 INFO  LoginPage :52 - Enter password xyz123in password field [[ChromeDriver: chrome on WINDOWS (e069d98699215dbe0d366f8657bee5f4)] -> xpath: //input[@id='Password']]
2022-05-16 22:05:531 INFO  LoginPage :56 - Click on log in button [[ChromeDriver: chrome on WINDOWS (e069d98699215dbe0d366f8657bee5f4)] -> xpath: //button[normalize-space()='Log in']]
2022-05-16 22:05:557 INFO  LoginPage :60 - Verify error message [[ChromeDriver: chrome on WINDOWS (e069d98699215dbe0d366f8657bee5f4)] -> xpath: //div[@class='message-error validation-summary-errors']]
2022-05-16 22:05:212 INFO  ManageDriver :32 - Launching Chrome Browser
2022-05-16 22:05:544 INFO  LoginPage :39 - Click on login [[ChromeDriver: chrome on WINDOWS (746b5454fe409bc7d9ba8976dfda551d)] -> xpath: //a[normalize-space()='Log in']]
2022-05-16 22:05:600 INFO  LoginPage :48 - Enter email xyz123@yahoo.comin email field [[ChromeDriver: chrome on WINDOWS (746b5454fe409bc7d9ba8976dfda551d)] -> xpath: //input[@id='Email']]
2022-05-16 22:05:655 INFO  LoginPage :52 - Enter password xyz123in password field [[ChromeDriver: chrome on WINDOWS (746b5454fe409bc7d9ba8976dfda551d)] -> xpath: //input[@id='Password']]
2022-05-16 22:05:48 INFO  LoginPage :56 - Click on log in button [[ChromeDriver: chrome on WINDOWS (746b5454fe409bc7d9ba8976dfda551d)] -> xpath: //button[normalize-space()='Log in']]
2022-05-16 22:05:711 INFO  ManageDriver :32 - Launching Chrome Browser
2022-05-16 22:05:975 INFO  LoginPage :39 - Click on login [[ChromeDriver: chrome on WINDOWS (6c5f6c4bb2689103a823f178109e90e3)] -> xpath: //a[normalize-space()='Log in']]
2022-05-16 22:05:34 INFO  LoginPage :48 - Enter email markpaul@yahoo.comin email field [[ChromeDriver: chrome on WINDOWS (6c5f6c4bb2689103a823f178109e90e3)] -> xpath: //input[@id='Email']]
2022-05-16 22:05:90 INFO  LoginPage :52 - Enter password mark12paulin password field [[ChromeDriver: chrome on WINDOWS (6c5f6c4bb2689103a823f178109e90e3)] -> xpath: //input[@id='Password']]
2022-05-16 22:05:467 INFO  LoginPage :56 - Click on log in button [[ChromeDriver: chrome on WINDOWS (6c5f6c4bb2689103a823f178109e90e3)] -> xpath: //button[normalize-space()='Log in']]
2022-05-16 22:05:140 INFO  ManageDriver :32 - Launching Chrome Browser
2022-05-16 22:05:206 INFO  RegisterPage :76 - Click on register [[ChromeDriver: chrome on WINDOWS (d9877cb1303bfc350f96fcf23842ade1)] -> xpath: //a[normalize-space()='Register']]
2022-05-16 22:05:595 INFO  RegisterPage :76 - Click on register [[ChromeDriver: chrome on WINDOWS (d9877cb1303bfc350f96fcf23842ade1)] -> xpath: //a[normalize-space()='Register']]
2022-05-16 22:05:265 INFO  ManageDriver :32 - Launching Chrome Browser
2022-05-16 22:05:572 INFO  RegisterPage :76 - Click on register [[ChromeDriver: chrome on WINDOWS (f89be071716c239e14764ed90205e786)] -> xpath: //a[normalize-space()='Register']]
2022-05-16 22:05:623 INFO  RegisterPage :142 - Click on register button [[ChromeDriver: chrome on WINDOWS (f89be071716c239e14764ed90205e786)] -> xpath: //button[@id='register-button']]
2022-05-16 22:05:650 INFO  RegisterPage :91 - Verify first name [[ChromeDriver: chrome on WINDOWS (f89be071716c239e14764ed90205e786)] -> xpath: //span[@id='FirstName-error']]
2022-05-16 22:05:674 INFO  RegisterPage :102 - Verify last name [[ChromeDriver: chrome on WINDOWS (f89be071716c239e14764ed90205e786)] -> xpath: //span[@id='LastName-error']]
2022-05-16 22:05:698 INFO  RegisterPage :114 - Verify emil required [[ChromeDriver: chrome on WINDOWS (f89be071716c239e14764ed90205e786)] -> xpath: //span[@id='Email-error']]
2022-05-16 22:05:721 INFO  RegisterPage :125 - Verify password [[ChromeDriver: chrome on WINDOWS (f89be071716c239e14764ed90205e786)] -> xpath: //span[@id='Password-error']]
2022-05-16 22:05:760 INFO  RegisterPage :136 - Verify confirm password [[ChromeDriver: chrome on WINDOWS (f89be071716c239e14764ed90205e786)] -> xpath: //input[@id='ConfirmPassword']]
2022-05-16 22:05:433 INFO  ManageDriver :32 - Launching Chrome Browser
2022-05-16 22:05:704 INFO  RegisterPage :76 - Click on register [[ChromeDriver: chrome on WINDOWS (89c09878634be8a8c4d5b9d1aacfbcc0)] -> xpath: //a[normalize-space()='Register']]
2022-05-16 22:05:749 INFO  RegisterPage :147 - Select gender [[ChromeDriver: chrome on WINDOWS (89c09878634be8a8c4d5b9d1aacfbcc0)] -> xpath: //input[@id='gender-female']]
2022-05-16 22:05:809 INFO  RegisterPage :86 - Enter first name Markin first name field [[ChromeDriver: chrome on WINDOWS (89c09878634be8a8c4d5b9d1aacfbcc0)] -> xpath: //input[@id='FirstName']]
2022-05-16 22:05:867 INFO  RegisterPage :97 - Enter last name  Paulin last name field [[ChromeDriver: chrome on WINDOWS (89c09878634be8a8c4d5b9d1aacfbcc0)] -> xpath: //input[@id='LastName']]
2022-05-16 22:05:922 INFO  RegisterPage :152 - Select date of birth 5in date field [[ChromeDriver: chrome on WINDOWS (89c09878634be8a8c4d5b9d1aacfbcc0)] -> xpath: //select[@name='DateOfBirthDay']]
2022-05-16 22:05:973 INFO  RegisterPage :157 - Select date of month Aprilin month field [[ChromeDriver: chrome on WINDOWS (89c09878634be8a8c4d5b9d1aacfbcc0)] -> xpath: //select[@name='DateOfBirthMonth']]
2022-05-16 22:05:29 INFO  RegisterPage :162 - Select date of year 2016in year field [[ChromeDriver: chrome on WINDOWS (89c09878634be8a8c4d5b9d1aacfbcc0)] -> xpath: //select[@name='DateOfBirthYear']]
2022-05-16 22:05:91 INFO  RegisterPage :108 - Enter email Mark789@yahoo.comin email field [[ChromeDriver: chrome on WINDOWS (89c09878634be8a8c4d5b9d1aacfbcc0)] -> xpath: //input[@id='Email']]
2022-05-16 22:05:149 INFO  RegisterPage :120 - Enter password Mark123in password field [[ChromeDriver: chrome on WINDOWS (89c09878634be8a8c4d5b9d1aacfbcc0)] -> xpath: //input[@id='Password']]
2022-05-16 22:05:207 INFO  RegisterPage :131 - Enter confirm password Mark123in password field [[ChromeDriver: chrome on WINDOWS (89c09878634be8a8c4d5b9d1aacfbcc0)] -> xpath: //input[@id='ConfirmPassword']]
2022-05-16 22:05:607 INFO  RegisterPage :142 - Click on register button [[ChromeDriver: chrome on WINDOWS (89c09878634be8a8c4d5b9d1aacfbcc0)] -> xpath: //button[@id='register-button']]
2022-05-16 22:05:568 INFO  ManageDriver :32 - Launching Chrome Browser
2022-05-16 22:05:885 INFO  RegisterPage :76 - Click on register [[ChromeDriver: chrome on WINDOWS (7370a7032c3c056a7955b221c49e7491)] -> xpath: //a[normalize-space()='Register']]
2022-05-16 22:05:933 INFO  RegisterPage :147 - Select gender [[ChromeDriver: chrome on WINDOWS (7370a7032c3c056a7955b221c49e7491)] -> xpath: //input[@id='gender-female']]
2022-05-16 22:05:10 INFO  RegisterPage :86 - Enter first name Markin first name field [[ChromeDriver: chrome on WINDOWS (7370a7032c3c056a7955b221c49e7491)] -> xpath: //input[@id='FirstName']]
2022-05-16 22:05:69 INFO  RegisterPage :97 - Enter last name  Paulin last name field [[ChromeDriver: chrome on WINDOWS (7370a7032c3c056a7955b221c49e7491)] -> xpath: //input[@id='LastName']]
2022-05-16 22:05:138 INFO  RegisterPage :152 - Select date of birth 5in date field [[ChromeDriver: chrome on WINDOWS (7370a7032c3c056a7955b221c49e7491)] -> xpath: //select[@name='DateOfBirthDay']]
2022-05-16 22:05:196 INFO  RegisterPage :157 - Select date of month Aprilin month field [[ChromeDriver: chrome on WINDOWS (7370a7032c3c056a7955b221c49e7491)] -> xpath: //select[@name='DateOfBirthMonth']]
2022-05-16 22:05:255 INFO  RegisterPage :162 - Select date of year 2016in year field [[ChromeDriver: chrome on WINDOWS (7370a7032c3c056a7955b221c49e7491)] -> xpath: //select[@name='DateOfBirthYear']]
2022-05-16 22:05:316 INFO  RegisterPage :108 - Enter email Mark789@yahoo.comin email field [[ChromeDriver: chrome on WINDOWS (7370a7032c3c056a7955b221c49e7491)] -> xpath: //input[@id='Email']]
2022-05-16 22:05:376 INFO  RegisterPage :120 - Enter password Mark123in password field [[ChromeDriver: chrome on WINDOWS (7370a7032c3c056a7955b221c49e7491)] -> xpath: //input[@id='Password']]
2022-05-16 22:05:436 INFO  RegisterPage :131 - Enter confirm password Mark123in password field [[ChromeDriver: chrome on WINDOWS (7370a7032c3c056a7955b221c49e7491)] -> xpath: //input[@id='ConfirmPassword']]
2022-05-16 22:05:838 INFO  RegisterPage :142 - Click on register button [[ChromeDriver: chrome on WINDOWS (7370a7032c3c056a7955b221c49e7491)] -> xpath: //button[@id='register-button']]
2022-05-16 22:05:703 INFO  ManageDriver :32 - Launching Chrome Browser
2022-05-16 22:05:908 INFO  ComputerPage :33 - Click on computer [[ChromeDriver: chrome on WINDOWS (e148fa3e81ff42035ab2e667e3d63f70)] -> xpath: //ul[@class='top-menu notmobile']//a[normalize-space()='Computers']]
2022-05-16 22:05:333 INFO  ComputerPage :44 - Click on desktop [[ChromeDriver: chrome on WINDOWS (e148fa3e81ff42035ab2e667e3d63f70)] -> xpath: //a[@title='Show products in category Desktops'][normalize-space()='Desktops']]
2022-05-16 22:05:112 INFO  BuildYourOwnComputerPage :54 - Build your own [[ChromeDriver: chrome on WINDOWS (e148fa3e81ff42035ab2e667e3d63f70)] -> xpath: //h2[@class='product-title']//a[normalize-space()='Build your own computer']]
2022-05-16 22:05:195 INFO  BuildYourOwnComputerPage :58 - select process2.2 GHz Intel Pentium Dual-Core E2200to process[[ChromeDriver: chrome on WINDOWS (e148fa3e81ff42035ab2e667e3d63f70)] -> xpath: //select[@id='product_attribute_1']]
2022-05-16 22:05:259 INFO  BuildYourOwnComputerPage :62 - select ram2 GBto process[[ChromeDriver: chrome on WINDOWS (e148fa3e81ff42035ab2e667e3d63f70)] -> xpath: //select[@id='product_attribute_2']]
2022-05-16 22:05:317 INFO  BuildYourOwnComputerPage :68 - Select HDD [[ChromeDriver: chrome on WINDOWS (e148fa3e81ff42035ab2e667e3d63f70)] -> xpath: //label[@for='product_attribute_3_6']]
2022-05-16 22:05:369 INFO  BuildYourOwnComputerPage :77 - Select OS [[ChromeDriver: chrome on WINDOWS (e148fa3e81ff42035ab2e667e3d63f70)] -> xpath: //label[@for='product_attribute_4_8']]
2022-05-16 22:05:386 INFO  BuildYourOwnComputerPage :86 - Select software [[[ChromeDriver: chrome on WINDOWS (e148fa3e81ff42035ab2e667e3d63f70)] -> xpath: //dd[@id='product_attribute_input_5']//li//label], [[ChromeDriver: chrome on WINDOWS (e148fa3e81ff42035ab2e667e3d63f70)] -> xpath: //dd[@id='product_attribute_input_5']//li//label], [[ChromeDriver: chrome on WINDOWS (e148fa3e81ff42035ab2e667e3d63f70)] -> xpath: //dd[@id='product_attribute_input_5']//li//label]]
2022-05-16 22:05:468 INFO  BuildYourOwnComputerPage :96 - Click on add to cart [[ChromeDriver: chrome on WINDOWS (e148fa3e81ff42035ab2e667e3d63f70)] -> xpath: //button[@id='add-to-cart-button-1']]
2022-05-16 22:05:370 INFO  BuildYourOwnComputerPage :101 - Verify shopping cart [[ChromeDriver: chrome on WINDOWS (e148fa3e81ff42035ab2e667e3d63f70)] -> xpath: //p[@class='content']]
2022-05-16 22:05:53 INFO  ManageDriver :32 - Launching Chrome Browser
2022-05-16 22:05:101 INFO  ComputerPage :33 - Click on computer [[ChromeDriver: chrome on WINDOWS (210b531f243f47303f9f59ed9f78177c)] -> xpath: //ul[@class='top-menu notmobile']//a[normalize-space()='Computers']]
2022-05-16 22:05:559 INFO  ComputerPage :44 - Click on desktop [[ChromeDriver: chrome on WINDOWS (210b531f243f47303f9f59ed9f78177c)] -> xpath: //a[@title='Show products in category Desktops'][normalize-space()='Desktops']]
2022-05-16 22:05:249 INFO  BuildYourOwnComputerPage :54 - Build your own [[ChromeDriver: chrome on WINDOWS (210b531f243f47303f9f59ed9f78177c)] -> xpath: //h2[@class='product-title']//a[normalize-space()='Build your own computer']]
2022-05-16 22:05:306 INFO  BuildYourOwnComputerPage :58 - select process2.5 GHz Intel Pentium Dual-Core E2200 [+$15.00]to process[[ChromeDriver: chrome on WINDOWS (210b531f243f47303f9f59ed9f78177c)] -> xpath: //select[@id='product_attribute_1']]
2022-05-16 22:05:368 INFO  BuildYourOwnComputerPage :62 - select ram4GB [+$20.00]to process[[ChromeDriver: chrome on WINDOWS (210b531f243f47303f9f59ed9f78177c)] -> xpath: //select[@id='product_attribute_2']]
2022-05-16 22:05:446 INFO  BuildYourOwnComputerPage :71 - Select 400 [[ChromeDriver: chrome on WINDOWS (210b531f243f47303f9f59ed9f78177c)] -> xpath: //label[@for='product_attribute_3_7']]
2022-05-16 22:05:516 INFO  BuildYourOwnComputerPage :80 - Select premium [[ChromeDriver: chrome on WINDOWS (210b531f243f47303f9f59ed9f78177c)] -> xpath: //label[@for='product_attribute_4_9']]
2022-05-16 22:05:533 INFO  BuildYourOwnComputerPage :86 - Select software [[[ChromeDriver: chrome on WINDOWS (210b531f243f47303f9f59ed9f78177c)] -> xpath: //dd[@id='product_attribute_input_5']//li//label], [[ChromeDriver: chrome on WINDOWS (210b531f243f47303f9f59ed9f78177c)] -> xpath: //dd[@id='product_attribute_input_5']//li//label], [[ChromeDriver: chrome on WINDOWS (210b531f243f47303f9f59ed9f78177c)] -> xpath: //dd[@id='product_attribute_input_5']//li//label]]
2022-05-16 22:05:545 INFO  BuildYourOwnComputerPage :86 - Select software [[[ChromeDriver: chrome on WINDOWS (210b531f243f47303f9f59ed9f78177c)] -> xpath: //dd[@id='product_attribute_input_5']//li//label], [[ChromeDriver: chrome on WINDOWS (210b531f243f47303f9f59ed9f78177c)] -> xpath: //dd[@id='product_attribute_input_5']//li//label], [[ChromeDriver: chrome on WINDOWS (210b531f243f47303f9f59ed9f78177c)] -> xpath: //dd[@id='product_attribute_input_5']//li//label]]
2022-05-16 22:05:627 INFO  BuildYourOwnComputerPage :96 - Click on add to cart [[ChromeDriver: chrome on WINDOWS (210b531f243f47303f9f59ed9f78177c)] -> xpath: //button[@id='add-to-cart-button-1']]
2022-05-16 22:05:497 INFO  BuildYourOwnComputerPage :101 - Verify shopping cart [[ChromeDriver: chrome on WINDOWS (210b531f243f47303f9f59ed9f78177c)] -> xpath: //p[@class='content']]
2022-05-16 22:05:159 INFO  ManageDriver :32 - Launching Chrome Browser
2022-05-16 22:05:456 INFO  ComputerPage :33 - Click on computer [[ChromeDriver: chrome on WINDOWS (d0bb2fc3a6ddfdff88452b7636719001)] -> xpath: //ul[@class='top-menu notmobile']//a[normalize-space()='Computers']]
2022-05-16 22:05:870 INFO  ComputerPage :44 - Click on desktop [[ChromeDriver: chrome on WINDOWS (d0bb2fc3a6ddfdff88452b7636719001)] -> xpath: //a[@title='Show products in category Desktops'][normalize-space()='Desktops']]
2022-05-16 22:05:619 INFO  BuildYourOwnComputerPage :54 - Build your own [[ChromeDriver: chrome on WINDOWS (d0bb2fc3a6ddfdff88452b7636719001)] -> xpath: //h2[@class='product-title']//a[normalize-space()='Build your own computer']]
2022-05-16 22:05:662 INFO  BuildYourOwnComputerPage :58 - select process2.5 GHz Intel Pentium Dual-Core E2200 [+$15.00]to process[[ChromeDriver: chrome on WINDOWS (d0bb2fc3a6ddfdff88452b7636719001)] -> xpath: //select[@id='product_attribute_1']]
2022-05-16 22:05:726 INFO  BuildYourOwnComputerPage :62 - select ram8GB [+$60.00]to process[[ChromeDriver: chrome on WINDOWS (d0bb2fc3a6ddfdff88452b7636719001)] -> xpath: //select[@id='product_attribute_2']]
2022-05-16 22:05:783 INFO  BuildYourOwnComputerPage :68 - Select HDD [[ChromeDriver: chrome on WINDOWS (d0bb2fc3a6ddfdff88452b7636719001)] -> xpath: //label[@for='product_attribute_3_6']]
2022-05-16 22:05:838 INFO  BuildYourOwnComputerPage :77 - Select OS [[ChromeDriver: chrome on WINDOWS (d0bb2fc3a6ddfdff88452b7636719001)] -> xpath: //label[@for='product_attribute_4_8']]
2022-05-16 22:05:853 INFO  BuildYourOwnComputerPage :86 - Select software [[[ChromeDriver: chrome on WINDOWS (d0bb2fc3a6ddfdff88452b7636719001)] -> xpath: //dd[@id='product_attribute_input_5']//li//label], [[ChromeDriver: chrome on WINDOWS (d0bb2fc3a6ddfdff88452b7636719001)] -> xpath: //dd[@id='product_attribute_input_5']//li//label], [[ChromeDriver: chrome on WINDOWS (d0bb2fc3a6ddfdff88452b7636719001)] -> xpath: //dd[@id='product_attribute_input_5']//li//label]]
2022-05-16 22:05:866 INFO  BuildYourOwnComputerPage :86 - Select software [[[ChromeDriver: chrome on WINDOWS (d0bb2fc3a6ddfdff88452b7636719001)] -> xpath: //dd[@id='product_attribute_input_5']//li//label], [[ChromeDriver: chrome on WINDOWS (d0bb2fc3a6ddfdff88452b7636719001)] -> xpath: //dd[@id='product_attribute_input_5']//li//label], [[ChromeDriver: chrome on WINDOWS (d0bb2fc3a6ddfdff88452b7636719001)] -> xpath: //dd[@id='product_attribute_input_5']//li//label]]
2022-05-16 22:05:878 INFO  BuildYourOwnComputerPage :86 - Select software [[[ChromeDriver: chrome on WINDOWS (d0bb2fc3a6ddfdff88452b7636719001)] -> xpath: //dd[@id='product_attribute_input_5']//li//label], [[ChromeDriver: chrome on WINDOWS (d0bb2fc3a6ddfdff88452b7636719001)] -> xpath: //dd[@id='product_attribute_input_5']//li//label], [[ChromeDriver: chrome on WINDOWS (d0bb2fc3a6ddfdff88452b7636719001)] -> xpath: //dd[@id='product_attribute_input_5']//li//label]]
2022-05-16 22:05:968 INFO  BuildYourOwnComputerPage :96 - Click on add to cart [[ChromeDriver: chrome on WINDOWS (d0bb2fc3a6ddfdff88452b7636719001)] -> xpath: //button[@id='add-to-cart-button-1']]
2022-05-16 22:05:252 INFO  BuildYourOwnComputerPage :101 - Verify shopping cart [[ChromeDriver: chrome on WINDOWS (d0bb2fc3a6ddfdff88452b7636719001)] -> xpath: //p[@class='content']]
2022-05-16 22:05:933 INFO  ManageDriver :32 - Launching Chrome Browser
2022-05-16 22:05:902 INFO  LoginPage :39 - Click on login [[ChromeDriver: chrome on WINDOWS (890cc5b7e96e10dddcf5d0404aaa6e22)] -> xpath: //a[normalize-space()='Log in']]
2022-05-16 22:05:931 INFO  LoginPage :43 - Verify welcome [[ChromeDriver: chrome on WINDOWS (890cc5b7e96e10dddcf5d0404aaa6e22)] -> xpath: //h1[normalize-space()='Welcome, Please Sign In!']]
2022-05-16 22:05:585 INFO  ManageDriver :32 - Launching Chrome Browser
2022-05-16 22:05:591 INFO  LoginPage :39 - Click on login [[ChromeDriver: chrome on WINDOWS (3f54d56b9bf6b9a2ef7849682d4ab26f)] -> xpath: //a[normalize-space()='Log in']]
2022-05-16 22:05:647 INFO  LoginPage :48 - Enter email xyz123@yahoo.comin email field [[ChromeDriver: chrome on WINDOWS (3f54d56b9bf6b9a2ef7849682d4ab26f)] -> xpath: //input[@id='Email']]
2022-05-16 22:05:705 INFO  LoginPage :52 - Enter password xyz123in password field [[ChromeDriver: chrome on WINDOWS (3f54d56b9bf6b9a2ef7849682d4ab26f)] -> xpath: //input[@id='Password']]
2022-05-16 22:05:92 INFO  LoginPage :56 - Click on log in button [[ChromeDriver: chrome on WINDOWS (3f54d56b9bf6b9a2ef7849682d4ab26f)] -> xpath: //button[normalize-space()='Log in']]
2022-05-16 22:05:122 INFO  LoginPage :60 - Verify error message [[ChromeDriver: chrome on WINDOWS (3f54d56b9bf6b9a2ef7849682d4ab26f)] -> xpath: //div[@class='message-error validation-summary-errors']]
2022-05-16 22:05:786 INFO  ManageDriver :32 - Launching Chrome Browser
2022-05-16 22:05:795 INFO  LoginPage :39 - Click on login [[ChromeDriver: chrome on WINDOWS (670888a24737b3f8a390118952f1485d)] -> xpath: //a[normalize-space()='Log in']]
2022-05-16 22:05:851 INFO  LoginPage :48 - Enter email xyz123@yahoo.comin email field [[ChromeDriver: chrome on WINDOWS (670888a24737b3f8a390118952f1485d)] -> xpath: //input[@id='Email']]
2022-05-16 22:05:907 INFO  LoginPage :52 - Enter password xyz123in password field [[ChromeDriver: chrome on WINDOWS (670888a24737b3f8a390118952f1485d)] -> xpath: //input[@id='Password']]
2022-05-16 22:05:285 INFO  LoginPage :56 - Click on log in button [[ChromeDriver: chrome on WINDOWS (670888a24737b3f8a390118952f1485d)] -> xpath: //button[normalize-space()='Log in']]
2022-05-16 22:05:944 INFO  ManageDriver :32 - Launching Chrome Browser
2022-05-16 22:05:343 INFO  LoginPage :39 - Click on login [[ChromeDriver: chrome on WINDOWS (6ad9494d93e15de359ebcc5f7a2dcaad)] -> xpath: //a[normalize-space()='Log in']]
2022-05-16 22:05:402 INFO  LoginPage :48 - Enter email markpaul@yahoo.comin email field [[ChromeDriver: chrome on WINDOWS (6ad9494d93e15de359ebcc5f7a2dcaad)] -> xpath: //input[@id='Email']]
2022-05-16 22:05:460 INFO  LoginPage :52 - Enter password mark12paulin password field [[ChromeDriver: chrome on WINDOWS (6ad9494d93e15de359ebcc5f7a2dcaad)] -> xpath: //input[@id='Password']]
2022-05-16 22:05:854 INFO  LoginPage :56 - Click on log in button [[ChromeDriver: chrome on WINDOWS (6ad9494d93e15de359ebcc5f7a2dcaad)] -> xpath: //button[normalize-space()='Log in']]
2022-05-16 22:05:507 INFO  ManageDriver :32 - Launching Chrome Browser
2022-05-16 22:05:609 INFO  RegisterPage :76 - Click on register [[ChromeDriver: chrome on WINDOWS (9a28e73bedd1cd0439870443b54cfcb1)] -> xpath: //a[normalize-space()='Register']]
2022-05-16 22:05:61 INFO  RegisterPage :76 - Click on register [[ChromeDriver: chrome on WINDOWS (9a28e73bedd1cd0439870443b54cfcb1)] -> xpath: //a[normalize-space()='Register']]
2022-05-16 22:05:722 INFO  ManageDriver :32 - Launching Chrome Browser
2022-05-16 22:05:725 INFO  RegisterPage :76 - Click on register [[ChromeDriver: chrome on WINDOWS (a0632ee6fcb6cfdbfccf027ad316c3dc)] -> xpath: //a[normalize-space()='Register']]
2022-05-16 22:05:780 INFO  RegisterPage :142 - Click on register button [[ChromeDriver: chrome on WINDOWS (a0632ee6fcb6cfdbfccf027ad316c3dc)] -> xpath: //button[@id='register-button']]
2022-05-16 22:05:809 INFO  RegisterPage :91 - Verify first name [[ChromeDriver: chrome on WINDOWS (a0632ee6fcb6cfdbfccf027ad316c3dc)] -> xpath: //span[@id='FirstName-error']]
2022-05-16 22:05:833 INFO  RegisterPage :102 - Verify last name [[ChromeDriver: chrome on WINDOWS (a0632ee6fcb6cfdbfccf027ad316c3dc)] -> xpath: //span[@id='LastName-error']]
2022-05-16 22:05:856 INFO  RegisterPage :114 - Verify emil required [[ChromeDriver: chrome on WINDOWS (a0632ee6fcb6cfdbfccf027ad316c3dc)] -> xpath: //span[@id='Email-error']]
2022-05-16 22:05:878 INFO  RegisterPage :125 - Verify password [[ChromeDriver: chrome on WINDOWS (a0632ee6fcb6cfdbfccf027ad316c3dc)] -> xpath: //span[@id='Password-error']]
2022-05-16 22:05:911 INFO  RegisterPage :136 - Verify confirm password [[ChromeDriver: chrome on WINDOWS (a0632ee6fcb6cfdbfccf027ad316c3dc)] -> xpath: //input[@id='ConfirmPassword']]
2022-05-16 22:05:566 INFO  ManageDriver :32 - Launching Chrome Browser
2022-05-16 22:05:890 INFO  RegisterPage :76 - Click on register [[ChromeDriver: chrome on WINDOWS (4c1849fbe61260dde10acad70c84aa59)] -> xpath: //a[normalize-space()='Register']]
2022-05-16 22:05:937 INFO  RegisterPage :147 - Select gender [[ChromeDriver: chrome on WINDOWS (4c1849fbe61260dde10acad70c84aa59)] -> xpath: //input[@id='gender-female']]
2022-05-16 22:05:997 INFO  RegisterPage :86 - Enter first name Markin first name field [[ChromeDriver: chrome on WINDOWS (4c1849fbe61260dde10acad70c84aa59)] -> xpath: //input[@id='FirstName']]
2022-05-16 22:05:55 INFO  RegisterPage :97 - Enter last name  Paulin last name field [[ChromeDriver: chrome on WINDOWS (4c1849fbe61260dde10acad70c84aa59)] -> xpath: //input[@id='LastName']]
2022-05-16 22:05:111 INFO  RegisterPage :152 - Select date of birth 5in date field [[ChromeDriver: chrome on WINDOWS (4c1849fbe61260dde10acad70c84aa59)] -> xpath: //select[@name='DateOfBirthDay']]
2022-05-16 22:05:164 INFO  RegisterPage :157 - Select date of month Aprilin month field [[ChromeDriver: chrome on WINDOWS (4c1849fbe61260dde10acad70c84aa59)] -> xpath: //select[@name='DateOfBirthMonth']]
2022-05-16 22:05:222 INFO  RegisterPage :162 - Select date of year 2016in year field [[ChromeDriver: chrome on WINDOWS (4c1849fbe61260dde10acad70c84aa59)] -> xpath: //select[@name='DateOfBirthYear']]
2022-05-16 22:05:282 INFO  RegisterPage :108 - Enter email Mark434@yahoo.comin email field [[ChromeDriver: chrome on WINDOWS (4c1849fbe61260dde10acad70c84aa59)] -> xpath: //input[@id='Email']]
2022-05-16 22:05:340 INFO  RegisterPage :120 - Enter password Mark123in password field [[ChromeDriver: chrome on WINDOWS (4c1849fbe61260dde10acad70c84aa59)] -> xpath: //input[@id='Password']]
2022-05-16 22:05:397 INFO  RegisterPage :131 - Enter confirm password Mark123in password field [[ChromeDriver: chrome on WINDOWS (4c1849fbe61260dde10acad70c84aa59)] -> xpath: //input[@id='ConfirmPassword']]
2022-05-16 22:05:115 INFO  RegisterPage :142 - Click on register button [[ChromeDriver: chrome on WINDOWS (4c1849fbe61260dde10acad70c84aa59)] -> xpath: //button[@id='register-button']]
2022-05-16 22:05:141 INFO  RegisterPage :167 - Verify register [[ChromeDriver: chrome on WINDOWS (4c1849fbe61260dde10acad70c84aa59)] -> xpath: //div[@class='result']]
